2019-10-07 20:27:55.827 febs [main] INFO  o.s.c.s.PostProcessorRegistrationDelegate$BeanPostProcessorChecker - Bean 'org.springframework.cloud.autoconfigure.ConfigurationPropertiesRebinderAutoConfiguration' of type [org.springframework.cloud.autoconfigure.ConfigurationPropertiesRebinderAutoConfiguration$$EnhancerBySpringCGLIB$$c7fe4528] is not eligible for getting processed by all BeanPostProcessors (for example: not eligible for auto-proxying)
2019-10-07 20:27:55.950 febs [main] INFO  com.pret.user.PretUserApplication - The following profiles are active: dev
2019-10-07 20:27:56.937 febs [main] INFO  o.s.d.r.c.RepositoryConfigurationDelegate - Multiple Spring Data modules found, entering strict repository configuration mode!
2019-10-07 20:27:56.937 febs [main] INFO  o.s.d.r.c.RepositoryConfigurationDelegate - Bootstrapping Spring Data repositories in DEFAULT mode.
2019-10-07 20:27:56.976 febs [main] INFO  o.s.d.r.c.RepositoryConfigurationDelegate - Finished Spring Data repository scanning in 30ms. Found 0 repository interfaces.
2019-10-07 20:27:56.986 febs [main] INFO  o.s.d.r.c.RepositoryConfigurationDelegate - Multiple Spring Data modules found, entering strict repository configuration mode!
2019-10-07 20:27:56.987 febs [main] INFO  o.s.d.r.c.RepositoryConfigurationDelegate - Bootstrapping Spring Data repositories in DEFAULT mode.
2019-10-07 20:27:57.001 febs [main] INFO  o.s.d.r.c.RepositoryConfigurationDelegate - Finished Spring Data repository scanning in 7ms. Found 0 repository interfaces.
2019-10-07 20:27:57.340 febs [main] INFO  o.s.cloud.context.scope.GenericScope - BeanFactory id=20eb13f4-f5b4-3249-85c2-046ba58292b9
2019-10-07 20:27:57.489 febs [main] INFO  o.s.c.s.PostProcessorRegistrationDelegate$BeanPostProcessorChecker - Bean 'spring.datasource.dynamic-com.baomidou.dynamic.datasource.spring.boot.autoconfigure.DynamicDataSourceProperties' of type [com.baomidou.dynamic.datasource.spring.boot.autoconfigure.DynamicDataSourceProperties] is not eligible for getting processed by all BeanPostProcessors (for example: not eligible for auto-proxying)
2019-10-07 20:27:57.648 febs [main] INFO  o.s.c.s.PostProcessorRegistrationDelegate$BeanPostProcessorChecker - Bean 'com.baomidou.dynamic.datasource.spring.boot.autoconfigure.DynamicDataSourceAutoConfiguration' of type [com.baomidou.dynamic.datasource.spring.boot.autoconfigure.DynamicDataSourceAutoConfiguration$$EnhancerBySpringCGLIB$$1572b2fc] is not eligible for getting processed by all BeanPostProcessors (for example: not eligible for auto-proxying)
2019-10-07 20:27:57.659 febs [main] INFO  o.s.c.s.PostProcessorRegistrationDelegate$BeanPostProcessorChecker - Bean 'dsProcessor' of type [com.baomidou.dynamic.datasource.processor.DsHeaderProcessor] is not eligible for getting processed by all BeanPostProcessors (for example: not eligible for auto-proxying)
2019-10-07 20:27:57.666 febs [main] INFO  o.s.c.s.PostProcessorRegistrationDelegate$BeanPostProcessorChecker - Bean 'dynamicDatasourceAnnotationAdvisor' of type [com.baomidou.dynamic.datasource.aop.DynamicDataSourceAnnotationAdvisor] is not eligible for getting processed by all BeanPostProcessors (for example: not eligible for auto-proxying)
2019-10-07 20:27:57.679 febs [main] INFO  o.s.c.s.PostProcessorRegistrationDelegate$BeanPostProcessorChecker - Bean 'org.springframework.transaction.annotation.ProxyTransactionManagementConfiguration' of type [org.springframework.transaction.annotation.ProxyTransactionManagementConfiguration$$EnhancerBySpringCGLIB$$abe4422b] is not eligible for getting processed by all BeanPostProcessors (for example: not eligible for auto-proxying)
2019-10-07 20:27:57.699 febs [main] INFO  o.s.c.s.PostProcessorRegistrationDelegate$BeanPostProcessorChecker - Bean 'shiroConfig' of type [com.pret.user.common.authentication.ShiroConfig$$EnhancerBySpringCGLIB$$675c761d] is not eligible for getting processed by all BeanPostProcessors (for example: not eligible for auto-proxying)
2019-10-07 20:27:57.883 febs [main] INFO  o.s.c.s.PostProcessorRegistrationDelegate$BeanPostProcessorChecker - Bean 'redisConfig' of type [com.pret.user.common.config.RedisConfig$$EnhancerBySpringCGLIB$$8f588671] is not eligible for getting processed by all BeanPostProcessors (for example: not eligible for auto-proxying)
2019-10-07 20:27:57.907 febs [main] INFO  o.s.c.s.PostProcessorRegistrationDelegate$BeanPostProcessorChecker - Bean 'redisPoolFactory' of type [redis.clients.jedis.JedisPool] is not eligible for getting processed by all BeanPostProcessors (for example: not eligible for auto-proxying)
2019-10-07 20:27:57.911 febs [main] INFO  o.s.c.s.PostProcessorRegistrationDelegate$BeanPostProcessorChecker - Bean 'redisService' of type [com.pret.user.common.service.impl.RedisServiceImpl] is not eligible for getting processed by all BeanPostProcessors (for example: not eligible for auto-proxying)
2019-10-07 20:27:57.995 febs [main] INFO  o.s.c.s.PostProcessorRegistrationDelegate$BeanPostProcessorChecker - Bean 'mybatis-plus-com.baomidou.mybatisplus.autoconfigure.MybatisPlusProperties' of type [com.baomidou.mybatisplus.autoconfigure.MybatisPlusProperties] is not eligible for getting processed by all BeanPostProcessors (for example: not eligible for auto-proxying)
2019-10-07 20:27:58.007 febs [main] INFO  o.s.c.s.PostProcessorRegistrationDelegate$BeanPostProcessorChecker - Bean 'mybatisPlusConfig' of type [com.pret.user.common.config.MybatisPlusConfig$$EnhancerBySpringCGLIB$$352dcec3] is not eligible for getting processed by all BeanPostProcessors (for example: not eligible for auto-proxying)
2019-10-07 20:27:58.012 febs [main] INFO  o.s.c.s.PostProcessorRegistrationDelegate$BeanPostProcessorChecker - Bean 'paginationInterceptor' of type [com.baomidou.mybatisplus.extension.plugins.PaginationInterceptor] is not eligible for getting processed by all BeanPostProcessors (for example: not eligible for auto-proxying)
2019-10-07 20:27:58.020 febs [main] INFO  o.s.c.s.PostProcessorRegistrationDelegate$BeanPostProcessorChecker - Bean 'com.baomidou.mybatisplus.autoconfigure.MybatisPlusAutoConfiguration' of type [com.baomidou.mybatisplus.autoconfigure.MybatisPlusAutoConfiguration$$EnhancerBySpringCGLIB$$e9acaec5] is not eligible for getting processed by all BeanPostProcessors (for example: not eligible for auto-proxying)
2019-10-07 20:27:58.031 febs [main] INFO  o.s.c.s.PostProcessorRegistrationDelegate$BeanPostProcessorChecker - Bean 'dynamicDataSourceCreator' of type [com.baomidou.dynamic.datasource.DynamicDataSourceCreator] is not eligible for getting processed by all BeanPostProcessors (for example: not eligible for auto-proxying)
2019-10-07 20:27:58.034 febs [main] INFO  o.s.c.s.PostProcessorRegistrationDelegate$BeanPostProcessorChecker - Bean 'dynamicDataSourceProvider' of type [com.baomidou.dynamic.datasource.provider.YmlDynamicDataSourceProvider] is not eligible for getting processed by all BeanPostProcessors (for example: not eligible for auto-proxying)
2019-10-07 20:27:58.038 febs [main] INFO  c.b.d.d.DynamicRoutingDataSource - 动态数据源-检测到并开启了p6spy
2019-10-07 20:27:58.048 febs [main] INFO  com.zaxxer.hikari.HikariDataSource - primary - Starting...
2019-10-07 20:27:58.269 febs [main] INFO  com.zaxxer.hikari.HikariDataSource - primary - Start completed.
2019-10-07 20:27:58.270 febs [main] INFO  c.b.d.d.DynamicRoutingDataSource - 初始共加载 1 个数据源
2019-10-07 20:27:58.270 febs [main] INFO  c.b.d.d.DynamicRoutingDataSource - 动态数据源-加载 primary 成功
2019-10-07 20:27:58.270 febs [main] INFO  c.b.d.d.DynamicRoutingDataSource - 当前的默认数据源是单数据源，数据源名为 primary
2019-10-07 20:27:58.270 febs [main] INFO  o.s.c.s.PostProcessorRegistrationDelegate$BeanPostProcessorChecker - Bean 'dataSource' of type [com.baomidou.dynamic.datasource.DynamicRoutingDataSource] is not eligible for getting processed by all BeanPostProcessors (for example: not eligible for auto-proxying)
2019-10-07 20:27:58.287 febs [main] INFO  o.s.c.s.PostProcessorRegistrationDelegate$BeanPostProcessorChecker - Bean 'spring.datasource-org.springframework.boot.autoconfigure.jdbc.DataSourceProperties' of type [org.springframework.boot.autoconfigure.jdbc.DataSourceProperties] is not eligible for getting processed by all BeanPostProcessors (for example: not eligible for auto-proxying)
2019-10-07 20:27:58.297 febs [main] INFO  o.s.c.s.PostProcessorRegistrationDelegate$BeanPostProcessorChecker - Bean 'org.springframework.boot.autoconfigure.jdbc.DataSourceInitializerInvoker' of type [org.springframework.boot.autoconfigure.jdbc.DataSourceInitializerInvoker] is not eligible for getting processed by all BeanPostProcessors (for example: not eligible for auto-proxying)
2019-10-07 20:27:59.141 febs [main] INFO  o.s.c.s.PostProcessorRegistrationDelegate$BeanPostProcessorChecker - Bean 'sqlSessionFactory' of type [org.apache.ibatis.session.defaults.DefaultSqlSessionFactory] is not eligible for getting processed by all BeanPostProcessors (for example: not eligible for auto-proxying)
2019-10-07 20:27:59.151 febs [main] INFO  o.s.c.s.PostProcessorRegistrationDelegate$BeanPostProcessorChecker - Bean 'sqlSessionTemplate' of type [org.mybatis.spring.SqlSessionTemplate] is not eligible for getting processed by all BeanPostProcessors (for example: not eligible for auto-proxying)
2019-10-07 20:27:59.155 febs [main] INFO  o.s.c.s.PostProcessorRegistrationDelegate$BeanPostProcessorChecker - Bean 'roleMapper' of type [org.mybatis.spring.mapper.MapperFactoryBean] is not eligible for getting processed by all BeanPostProcessors (for example: not eligible for auto-proxying)
2019-10-07 20:27:59.159 febs [main] INFO  o.s.c.s.PostProcessorRegistrationDelegate$BeanPostProcessorChecker - Bean 'roleMapper' of type [com.sun.proxy.$Proxy116] is not eligible for getting processed by all BeanPostProcessors (for example: not eligible for auto-proxying)
2019-10-07 20:27:59.218 febs [main] INFO  o.s.c.s.PostProcessorRegistrationDelegate$BeanPostProcessorChecker - Bean 'roleMenuMapper' of type [org.mybatis.spring.mapper.MapperFactoryBean] is not eligible for getting processed by all BeanPostProcessors (for example: not eligible for auto-proxying)
2019-10-07 20:27:59.221 febs [main] INFO  o.s.c.s.PostProcessorRegistrationDelegate$BeanPostProcessorChecker - Bean 'roleMenuMapper' of type [com.sun.proxy.$Proxy118] is not eligible for getting processed by all BeanPostProcessors (for example: not eligible for auto-proxying)
2019-10-07 20:27:59.236 febs [main] INFO  o.s.c.s.PostProcessorRegistrationDelegate$BeanPostProcessorChecker - Bean 'userRoleMapper' of type [org.mybatis.spring.mapper.MapperFactoryBean] is not eligible for getting processed by all BeanPostProcessors (for example: not eligible for auto-proxying)
2019-10-07 20:27:59.238 febs [main] INFO  o.s.c.s.PostProcessorRegistrationDelegate$BeanPostProcessorChecker - Bean 'userRoleMapper' of type [com.sun.proxy.$Proxy119] is not eligible for getting processed by all BeanPostProcessors (for example: not eligible for auto-proxying)
2019-10-07 20:27:59.240 febs [main] INFO  o.s.c.s.PostProcessorRegistrationDelegate$BeanPostProcessorChecker - Bean 'userRoleService' of type [com.pret.user.system.service.impl.UserRoleServiceImpl] is not eligible for getting processed by all BeanPostProcessors (for example: not eligible for auto-proxying)
2019-10-07 20:27:59.332 febs [main] INFO  o.s.c.s.PostProcessorRegistrationDelegate$BeanPostProcessorChecker - Bean 'roleMenuService' of type [com.pret.user.system.service.impl.RoleMenuServiceImpl] is not eligible for getting processed by all BeanPostProcessors (for example: not eligible for auto-proxying)
2019-10-07 20:27:59.360 febs [main] INFO  o.s.c.s.PostProcessorRegistrationDelegate$BeanPostProcessorChecker - Bean 'roleService' of type [com.pret.user.system.service.impl.RoleServiceImpl] is not eligible for getting processed by all BeanPostProcessors (for example: not eligible for auto-proxying)
2019-10-07 20:27:59.396 febs [main] INFO  o.s.c.s.PostProcessorRegistrationDelegate$BeanPostProcessorChecker - Bean 'menuMapper' of type [org.mybatis.spring.mapper.MapperFactoryBean] is not eligible for getting processed by all BeanPostProcessors (for example: not eligible for auto-proxying)
2019-10-07 20:27:59.398 febs [main] INFO  o.s.c.s.PostProcessorRegistrationDelegate$BeanPostProcessorChecker - Bean 'menuMapper' of type [com.sun.proxy.$Proxy123] is not eligible for getting processed by all BeanPostProcessors (for example: not eligible for auto-proxying)
2019-10-07 20:27:59.402 febs [main] INFO  o.s.c.s.PostProcessorRegistrationDelegate$BeanPostProcessorChecker - Bean 'menuService' of type [com.pret.user.system.service.impl.MenuServiceImpl] is not eligible for getting processed by all BeanPostProcessors (for example: not eligible for auto-proxying)
2019-10-07 20:27:59.435 febs [main] INFO  o.s.c.s.PostProcessorRegistrationDelegate$BeanPostProcessorChecker - Bean 'userMapper' of type [org.mybatis.spring.mapper.MapperFactoryBean] is not eligible for getting processed by all BeanPostProcessors (for example: not eligible for auto-proxying)
2019-10-07 20:27:59.438 febs [main] INFO  o.s.c.s.PostProcessorRegistrationDelegate$BeanPostProcessorChecker - Bean 'userMapper' of type [com.sun.proxy.$Proxy125] is not eligible for getting processed by all BeanPostProcessors (for example: not eligible for auto-proxying)
2019-10-07 20:27:59.502 febs [main] INFO  o.s.c.s.PostProcessorRegistrationDelegate$BeanPostProcessorChecker - Bean 'userConfigMapper' of type [org.mybatis.spring.mapper.MapperFactoryBean] is not eligible for getting processed by all BeanPostProcessors (for example: not eligible for auto-proxying)
2019-10-07 20:27:59.504 febs [main] INFO  o.s.c.s.PostProcessorRegistrationDelegate$BeanPostProcessorChecker - Bean 'userConfigMapper' of type [com.sun.proxy.$Proxy126] is not eligible for getting processed by all BeanPostProcessors (for example: not eligible for auto-proxying)
2019-10-07 20:27:59.510 febs [main] INFO  o.s.c.s.PostProcessorRegistrationDelegate$BeanPostProcessorChecker - Bean 'userConfigService' of type [com.pret.user.system.service.impl.UserConfigServiceImpl] is not eligible for getting processed by all BeanPostProcessors (for example: not eligible for auto-proxying)
2019-10-07 20:27:59.535 febs [main] INFO  o.s.c.s.PostProcessorRegistrationDelegate$BeanPostProcessorChecker - Bean 'userService' of type [com.pret.user.system.service.impl.UserServiceImpl] is not eligible for getting processed by all BeanPostProcessors (for example: not eligible for auto-proxying)
2019-10-07 20:27:59.560 febs [main] INFO  o.s.c.s.PostProcessorRegistrationDelegate$BeanPostProcessorChecker - Bean 'org.springframework.boot.autoconfigure.jackson.JacksonAutoConfiguration$JacksonObjectMapperConfiguration' of type [org.springframework.boot.autoconfigure.jackson.JacksonAutoConfiguration$JacksonObjectMapperConfiguration$$EnhancerBySpringCGLIB$$777c1bc] is not eligible for getting processed by all BeanPostProcessors (for example: not eligible for auto-proxying)
2019-10-07 20:27:59.565 febs [main] INFO  o.s.c.s.PostProcessorRegistrationDelegate$BeanPostProcessorChecker - Bean 'org.springframework.boot.autoconfigure.jackson.JacksonAutoConfiguration$JacksonObjectMapperBuilderConfiguration' of type [org.springframework.boot.autoconfigure.jackson.JacksonAutoConfiguration$JacksonObjectMapperBuilderConfiguration$$EnhancerBySpringCGLIB$$b9c483d5] is not eligible for getting processed by all BeanPostProcessors (for example: not eligible for auto-proxying)
2019-10-07 20:27:59.569 febs [main] INFO  o.s.c.s.PostProcessorRegistrationDelegate$BeanPostProcessorChecker - Bean 'org.springframework.boot.autoconfigure.jackson.JacksonAutoConfiguration$Jackson2ObjectMapperBuilderCustomizerConfiguration' of type [org.springframework.boot.autoconfigure.jackson.JacksonAutoConfiguration$Jackson2ObjectMapperBuilderCustomizerConfiguration$$EnhancerBySpringCGLIB$$74db69c4] is not eligible for getting processed by all BeanPostProcessors (for example: not eligible for auto-proxying)
2019-10-07 20:27:59.580 febs [main] INFO  o.s.c.s.PostProcessorRegistrationDelegate$BeanPostProcessorChecker - Bean 'spring.jackson-org.springframework.boot.autoconfigure.jackson.JacksonProperties' of type [org.springframework.boot.autoconfigure.jackson.JacksonProperties] is not eligible for getting processed by all BeanPostProcessors (for example: not eligible for auto-proxying)
2019-10-07 20:27:59.584 febs [main] INFO  o.s.c.s.PostProcessorRegistrationDelegate$BeanPostProcessorChecker - Bean 'standardJacksonObjectMapperBuilderCustomizer' of type [org.springframework.boot.autoconfigure.jackson.JacksonAutoConfiguration$Jackson2ObjectMapperBuilderCustomizerConfiguration$StandardJackson2ObjectMapperBuilderCustomizer] is not eligible for getting processed by all BeanPostProcessors (for example: not eligible for auto-proxying)
2019-10-07 20:27:59.592 febs [main] INFO  o.s.c.s.PostProcessorRegistrationDelegate$BeanPostProcessorChecker - Bean 'org.springframework.boot.autoconfigure.jackson.JacksonAutoConfiguration$ParameterNamesModuleConfiguration' of type [org.springframework.boot.autoconfigure.jackson.JacksonAutoConfiguration$ParameterNamesModuleConfiguration$$EnhancerBySpringCGLIB$$9ba6e0f2] is not eligible for getting processed by all BeanPostProcessors (for example: not eligible for auto-proxying)
2019-10-07 20:27:59.598 febs [main] INFO  o.s.c.s.PostProcessorRegistrationDelegate$BeanPostProcessorChecker - Bean 'parameterNamesModule' of type [com.fasterxml.jackson.module.paramnames.ParameterNamesModule] is not eligible for getting processed by all BeanPostProcessors (for example: not eligible for auto-proxying)
2019-10-07 20:27:59.601 febs [main] INFO  o.s.c.s.PostProcessorRegistrationDelegate$BeanPostProcessorChecker - Bean 'org.springframework.boot.autoconfigure.jackson.JacksonAutoConfiguration' of type [org.springframework.boot.autoconfigure.jackson.JacksonAutoConfiguration$$EnhancerBySpringCGLIB$$e9835f4b] is not eligible for getting processed by all BeanPostProcessors (for example: not eligible for auto-proxying)
2019-10-07 20:27:59.632 febs [main] INFO  o.s.c.s.PostProcessorRegistrationDelegate$BeanPostProcessorChecker - Bean 'jsonComponentModule' of type [org.springframework.boot.jackson.JsonComponentModule] is not eligible for getting processed by all BeanPostProcessors (for example: not eligible for auto-proxying)
2019-10-07 20:27:59.634 febs [main] INFO  o.s.c.s.PostProcessorRegistrationDelegate$BeanPostProcessorChecker - Bean 'org.springframework.data.web.config.SpringDataJacksonConfiguration' of type [org.springframework.data.web.config.SpringDataJacksonConfiguration] is not eligible for getting processed by all BeanPostProcessors (for example: not eligible for auto-proxying)
2019-10-07 20:27:59.641 febs [main] INFO  o.s.c.s.PostProcessorRegistrationDelegate$BeanPostProcessorChecker - Bean 'jacksonGeoModule' of type [org.springframework.data.geo.GeoModule] is not eligible for getting processed by all BeanPostProcessors (for example: not eligible for auto-proxying)
2019-10-07 20:27:59.646 febs [main] INFO  o.s.c.s.PostProcessorRegistrationDelegate$BeanPostProcessorChecker - Bean 'jacksonObjectMapperBuilder' of type [org.springframework.http.converter.json.Jackson2ObjectMapperBuilder] is not eligible for getting processed by all BeanPostProcessors (for example: not eligible for auto-proxying)
2019-10-07 20:27:59.679 febs [main] INFO  o.s.c.s.PostProcessorRegistrationDelegate$BeanPostProcessorChecker - Bean 'jacksonObjectMapper' of type [com.fasterxml.jackson.databind.ObjectMapper] is not eligible for getting processed by all BeanPostProcessors (for example: not eligible for auto-proxying)
2019-10-07 20:27:59.704 febs [main] INFO  o.s.c.s.PostProcessorRegistrationDelegate$BeanPostProcessorChecker - Bean 'cacheService' of type [com.pret.user.common.service.impl.CacheServiceImpl] is not eligible for getting processed by all BeanPostProcessors (for example: not eligible for auto-proxying)
2019-10-07 20:27:59.710 febs [main] INFO  o.s.c.s.PostProcessorRegistrationDelegate$BeanPostProcessorChecker - Bean 'userManager' of type [com.pret.user.system.manager.UserManager] is not eligible for getting processed by all BeanPostProcessors (for example: not eligible for auto-proxying)
2019-10-07 20:27:59.714 febs [main] INFO  o.s.c.s.PostProcessorRegistrationDelegate$BeanPostProcessorChecker - Bean 'shiroRealm' of type [com.pret.user.common.authentication.ShiroRealm] is not eligible for getting processed by all BeanPostProcessors (for example: not eligible for auto-proxying)
2019-10-07 20:27:59.729 febs [main] INFO  o.s.c.s.PostProcessorRegistrationDelegate$BeanPostProcessorChecker - Bean 'securityManager' of type [org.apache.shiro.web.mgt.DefaultWebSecurityManager] is not eligible for getting processed by all BeanPostProcessors (for example: not eligible for auto-proxying)
2019-10-07 20:27:59.751 febs [main] INFO  o.s.c.s.PostProcessorRegistrationDelegate$BeanPostProcessorChecker - Bean 'authorizationAttributeSourceAdvisor' of type [org.apache.shiro.spring.security.interceptor.AuthorizationAttributeSourceAdvisor] is not eligible for getting processed by all BeanPostProcessors (for example: not eligible for auto-proxying)
2019-10-07 20:27:59.804 febs [main] INFO  o.s.c.s.PostProcessorRegistrationDelegate$BeanPostProcessorChecker - Bean 'org.springframework.cloud.autoconfigure.ConfigurationPropertiesRebinderAutoConfiguration' of type [org.springframework.cloud.autoconfigure.ConfigurationPropertiesRebinderAutoConfiguration$$EnhancerBySpringCGLIB$$c7fe4528] is not eligible for getting processed by all BeanPostProcessors (for example: not eligible for auto-proxying)
2019-10-07 20:28:00.328 febs [main] INFO  o.s.b.w.e.tomcat.TomcatWebServer - Tomcat initialized with port(s): 9527 (http)
2019-10-07 20:28:00.352 febs [main] INFO  o.a.coyote.http11.Http11NioProtocol - Initializing ProtocolHandler ["http-nio-9527"]
2019-10-07 20:28:00.374 febs [main] INFO  o.a.catalina.core.StandardService - Starting service [Tomcat]
2019-10-07 20:28:00.379 febs [main] INFO  o.a.catalina.core.StandardEngine - Starting Servlet engine: [Apache Tomcat/9.0.14]
2019-10-07 20:28:00.387 febs [main] INFO  o.a.c.core.AprLifecycleListener - The APR based Apache Tomcat Native library which allows optimal performance in production environments was not found on the java.library.path: [/Users/wujingsong/Library/Java/Extensions:/Library/Java/Extensions:/Network/Library/Java/Extensions:/System/Library/Java/Extensions:/usr/lib/java:.]
2019-10-07 20:28:00.567 febs [main] INFO  o.a.c.c.C.[Tomcat].[localhost].[/] - Initializing Spring embedded WebApplicationContext
2019-10-07 20:28:00.567 febs [main] INFO  o.s.web.context.ContextLoader - Root WebApplicationContext: initialization completed in 4599 ms
2019-10-07 20:28:00.833 febs [main] INFO  c.n.c.sources.URLConfigurationSource - To enable URLs as dynamic configuration sources, define System property archaius.configurationSource.additionalUrls or make config.properties available on classpath.
2019-10-07 20:28:00.843 febs [main] INFO  c.n.config.DynamicPropertyFactory - DynamicPropertyFactory is initialized with configuration sources: com.netflix.config.ConcurrentCompositeConfiguration@39b95a80
2019-10-07 20:28:02.266 febs [main] INFO  o.h.jpa.internal.util.LogHelper - HHH000204: Processing PersistenceUnitInfo [
	name: default
	...]
2019-10-07 20:28:02.376 febs [main] INFO  org.hibernate.Version - HHH000412: Hibernate Core {5.3.7.Final}
2019-10-07 20:28:02.378 febs [main] INFO  org.hibernate.cfg.Environment - HHH000206: hibernate.properties not found
2019-10-07 20:28:02.789 febs [main] INFO  o.h.annotations.common.Version - HCANN000001: Hibernate Commons Annotations {5.0.4.Final}
2019-10-07 20:28:02.998 febs [main] INFO  org.hibernate.dialect.Dialect - HHH000400: Using dialect: org.hibernate.dialect.MySQL5Dialect
2019-10-07 20:28:03.230 febs [main] INFO  o.s.o.j.LocalContainerEntityManagerFactoryBean - Initialized JPA EntityManagerFactory for persistence unit 'default'
2019-10-07 20:28:03.408 febs [main] INFO  org.quartz.impl.StdSchedulerFactory - Using default implementation for ThreadExecutor
2019-10-07 20:28:03.417 febs [main] INFO  o.quartz.core.SchedulerSignalerImpl - Initialized Scheduler Signaller of type: class org.quartz.core.SchedulerSignalerImpl
2019-10-07 20:28:03.417 febs [main] INFO  org.quartz.core.QuartzScheduler - Quartz Scheduler v.2.3.0 created.
2019-10-07 20:28:03.417 febs [main] INFO  org.quartz.simpl.RAMJobStore - RAMJobStore initialized.
2019-10-07 20:28:03.418 febs [main] INFO  org.quartz.core.QuartzScheduler - Scheduler meta-data: Quartz Scheduler (v2.3.0) 'quartzScheduler' with instanceId 'NON_CLUSTERED'
  Scheduler class: 'org.quartz.core.QuartzScheduler' - running locally.
  NOT STARTED.
  Currently in standby mode.
  Number of jobs executed: 0
  Using thread pool 'org.quartz.simpl.SimpleThreadPool' - with 10 threads.
  Using job-store 'org.quartz.simpl.RAMJobStore' - which does not support persistence. and is not clustered.

2019-10-07 20:28:03.418 febs [main] INFO  org.quartz.impl.StdSchedulerFactory - Quartz scheduler 'quartzScheduler' initialized from an externally provided properties instance.
2019-10-07 20:28:03.418 febs [main] INFO  org.quartz.impl.StdSchedulerFactory - Quartz scheduler version: 2.3.0
2019-10-07 20:28:03.418 febs [main] INFO  org.quartz.core.QuartzScheduler - JobFactory set to: org.springframework.scheduling.quartz.SpringBeanJobFactory@505a48a2
2019-10-07 20:28:03.477 febs [main] INFO  p6spy - 2019-10-07 20:28:03 | 耗时 11 ms | SQL 语句：
select job_id jobId, bean_name beanName, method_name methodName, params, cron_expression cronExpression, status, remark, create_time createTime from t_job order by job_id;
2019-10-07 20:28:03.786 febs [main] INFO  o.s.s.c.ThreadPoolTaskExecutor - Initializing ExecutorService 'taskExecutor'
2019-10-07 20:28:03.866 febs [main] INFO  c.n.c.sources.URLConfigurationSource - To enable URLs as dynamic configuration sources, define System property archaius.configurationSource.additionalUrls or make config.properties available on classpath.
2019-10-07 20:28:05.068 febs [main] INFO  o.s.s.c.ThreadPoolTaskScheduler - Initializing ExecutorService 'taskScheduler'
2019-10-07 20:28:05.115 febs [main] INFO  o.s.s.c.ThreadPoolTaskScheduler - Initializing ExecutorService 'catalogWatchTaskScheduler'
2019-10-07 20:28:05.337 febs [main] INFO  o.s.b.a.e.web.EndpointLinksResolver - Exposing 4 endpoint(s) beneath base path '/actuator'
2019-10-07 20:28:05.459 febs [main] INFO  o.s.s.quartz.SchedulerFactoryBean - Starting Quartz Scheduler now
2019-10-07 20:28:05.459 febs [main] INFO  org.quartz.core.QuartzScheduler - Scheduler quartzScheduler_$_NON_CLUSTERED started.
2019-10-07 20:28:05.475 febs [main] INFO  o.a.coyote.http11.Http11NioProtocol - Starting ProtocolHandler ["http-nio-9527"]
2019-10-07 20:28:05.512 febs [main] INFO  o.s.b.w.e.tomcat.TomcatWebServer - Tomcat started on port(s): 9527 (http) with context path ''
2019-10-07 20:28:05.521 febs [main] INFO  o.s.c.c.s.ConsulServiceRegistry - Registering service with consul: NewService{id='pret-user-192-168-1-5-9527', name='pret-user', tags=[version=1.0, author=wujinsong, secure=false], address='192.168.1.5', meta=null, port=9527, enableTagOverride=null, check=Check{script='null', interval='10s', ttl='null', http='http://127.0.0.1:9527/actuator/health', method='null', header={}, tcp='null', timeout='null', deregisterCriticalServiceAfter='600s', tlsSkipVerify=null, status='null'}, checks=null}
2019-10-07 20:28:05.533 febs [main] INFO  com.pret.user.PretUserApplication - Started PretUserApplication in 10.564 seconds (JVM running for 11.165)
2019-10-07 20:28:05.542 febs [main] INFO  c.p.u.common.runner.CacheInitRunner - Redis连接中 ······
2019-10-07 20:28:06.624 febs [main] INFO  c.p.u.common.runner.CacheInitRunner - 缓存初始化 ······
2019-10-07 20:28:06.624 febs [main] INFO  c.p.u.common.runner.CacheInitRunner - 缓存用户数据 ······
2019-10-07 20:28:06.658 febs [main] INFO  p6spy - 2019-10-07 20:28:06 | 耗时 2 ms | SQL 语句：
SELECT USER_ID,username,password,dept_id,email,mobile,status,create_time,modify_time,last_login_time,ssex,description,avatar FROM t_user;
2019-10-07 20:28:06.670 febs [main] INFO  p6spy - 2019-10-07 20:28:06 | 耗时 7 ms | SQL 语句：
SELECT u.user_id userId, u.username, u.password, u.email, u.mobile, u. STATUS, u.create_time createTime, u.ssex, d.dept_id deptId, d.dept_name deptName, u.AVATAR, u.DESCRIPTION, u.LAST_LOGIN_TIME lastLoginTime, GROUP_CONCAT(r.role_id) roleId, GROUP_CONCAT(r.ROLE_NAME) roleName FROM t_user u LEFT JOIN t_dept d ON (u.dept_id = d.dept_id) LEFT JOIN t_user_role ur ON (u.user_id = ur.user_id) LEFT JOIN t_role r ON r.role_id = ur.role_id WHERE u.username = 'admin' group by u.username;
2019-10-07 20:28:07.547 febs [scheduling-1] INFO  com.pret.user.common.task.CacheTask - delete expired user
2019-10-07 20:28:08.548 febs [main] INFO  p6spy - 2019-10-07 20:28:08 | 耗时 0 ms | SQL 语句：
select r.* from t_role r left join t_user_role ur on (r.role_id = ur.role_id) left join t_user u on (u.user_id = ur.user_id) where u.username = 'admin';
2019-10-07 20:28:09.734 febs [main] INFO  p6spy - 2019-10-07 20:28:09 | 耗时 5 ms | SQL 语句：
select distinct m.perms from t_role r left join t_user_role ur on (r.role_id = ur.role_id) left join t_user u on (u.user_id = ur.user_id) left join t_role_menu rm on (rm.role_id = r.role_id) left join t_menu m on (m.menu_id = rm.menu_id) where u.username = 'admin' and m.perms is not null and m.perms <> '';
2019-10-07 20:28:12.405 febs [http-nio-9527-exec-1] INFO  o.a.c.c.C.[Tomcat].[localhost].[/] - Initializing Spring DispatcherServlet 'dispatcherServlet'
2019-10-07 20:28:12.405 febs [http-nio-9527-exec-1] INFO  o.s.web.servlet.DispatcherServlet - Initializing Servlet 'dispatcherServlet'
2019-10-07 20:28:12.416 febs [http-nio-9527-exec-1] INFO  o.s.web.servlet.DispatcherServlet - Completed initialization in 11 ms
2019-10-07 20:28:13.466 febs [http-nio-9527-exec-1] INFO  p6spy - 2019-10-07 20:28:13 | 耗时 0 ms | SQL 语句：
select 1;
2019-10-07 20:28:13.742 febs [main] INFO  p6spy - 2019-10-07 20:28:13 | 耗时 4 ms | SQL 语句：
SELECT USER_ID,theme,layout,multi_page,fix_siderbar,fix_header,color FROM t_user_config WHERE USER_ID='13' ;
2019-10-07 20:28:14.859 febs [main] INFO  p6spy - 2019-10-07 20:28:14 | 耗时 0 ms | SQL 语句：
SELECT u.user_id userId, u.username, u.password, u.email, u.mobile, u. STATUS, u.create_time createTime, u.ssex, d.dept_id deptId, d.dept_name deptName, u.AVATAR, u.DESCRIPTION, u.LAST_LOGIN_TIME lastLoginTime, GROUP_CONCAT(r.role_id) roleId, GROUP_CONCAT(r.ROLE_NAME) roleName FROM t_user u LEFT JOIN t_dept d ON (u.dept_id = d.dept_id) LEFT JOIN t_user_role ur ON (u.user_id = ur.user_id) LEFT JOIN t_role r ON r.role_id = ur.role_id WHERE u.username = 'user' group by u.username;
2019-10-07 20:28:15.541 febs [main] INFO  p6spy - 2019-10-07 20:28:15 | 耗时 0 ms | SQL 语句：
select r.* from t_role r left join t_user_role ur on (r.role_id = ur.role_id) left join t_user u on (u.user_id = ur.user_id) where u.username = 'user';
2019-10-07 20:28:16.203 febs [main] INFO  p6spy - 2019-10-07 20:28:16 | 耗时 1 ms | SQL 语句：
select distinct m.perms from t_role r left join t_user_role ur on (r.role_id = ur.role_id) left join t_user u on (u.user_id = ur.user_id) left join t_role_menu rm on (rm.role_id = r.role_id) left join t_menu m on (m.menu_id = rm.menu_id) where u.username = 'user' and m.perms is not null and m.perms <> '';
2019-10-07 20:28:16.863 febs [main] INFO  p6spy - 2019-10-07 20:28:16 | 耗时 0 ms | SQL 语句：
SELECT USER_ID,theme,layout,multi_page,fix_siderbar,fix_header,color FROM t_user_config WHERE USER_ID='14' ;
2019-10-07 20:28:17.530 febs [main] INFO  c.p.u.common.runner.StartedUpRunner -  __    ___   _      ___   _     ____ _____  ____ 
2019-10-07 20:28:17.530 febs [main] INFO  c.p.u.common.runner.StartedUpRunner - / /`  / / \ | |\/| | |_) | |   | |_   | |  | |_  
2019-10-07 20:28:17.530 febs [main] INFO  c.p.u.common.runner.StartedUpRunner - \_\_, \_\_/ |_|  | |_|   |_|__ |_|__  |_|  |_|__ 
2019-10-07 20:28:17.530 febs [main] INFO  c.p.u.common.runner.StartedUpRunner -                                                       
2019-10-07 20:28:17.531 febs [main] INFO  c.p.u.common.runner.StartedUpRunner - FEBS 启动完毕，时间：2019-10-07T20:28:17.531
2019-10-07 20:28:18.264 febs [RMI TCP Connection(15)-192.168.3.19] INFO  p6spy - 2019-10-07 20:28:18 | 耗时 0 ms | SQL 语句：
select 1;
2019-10-07 20:28:24.964 febs [http-nio-9527-exec-2] INFO  p6spy - 2019-10-07 20:28:24 | 耗时 0 ms | SQL 语句：
select 1;
2019-10-07 20:28:35.313 febs [http-nio-9527-exec-3] INFO  p6spy - 2019-10-07 20:28:35 | 耗时 0 ms | SQL 语句：
select 1;
2019-10-07 20:28:45.646 febs [http-nio-9527-exec-4] INFO  p6spy - 2019-10-07 20:28:45 | 耗时 0 ms | SQL 语句：
select 1;
2019-10-07 20:28:55.967 febs [http-nio-9527-exec-5] INFO  p6spy - 2019-10-07 20:28:55 | 耗时 0 ms | SQL 语句：
select 1;
2019-10-07 20:29:06.302 febs [http-nio-9527-exec-6] INFO  p6spy - 2019-10-07 20:29:06 | 耗时 0 ms | SQL 语句：
select 1;
2019-10-07 20:29:16.637 febs [http-nio-9527-exec-7] INFO  p6spy - 2019-10-07 20:29:16 | 耗时 0 ms | SQL 语句：
select 1;
2019-10-07 20:29:26.971 febs [http-nio-9527-exec-8] INFO  p6spy - 2019-10-07 20:29:26 | 耗时 0 ms | SQL 语句：
select 1;
2019-10-07 20:29:34.060 febs [http-nio-9527-exec-2] INFO  p6spy - 2019-10-07 20:29:34 | 耗时 0 ms | SQL 语句：
UPDATE t_user SET last_login_time='2019-10-07T20:29:34.027+0800' WHERE username = 'admin';
2019-10-07 20:29:34.062 febs [http-nio-9527-exec-2] INFO  p6spy - 2019-10-07 20:29:34 | 耗时 0 ms | SQL 语句：
SELECT u.user_id userId, u.username, u.password, u.email, u.mobile, u. STATUS, u.create_time createTime, u.ssex, d.dept_id deptId, d.dept_name deptName, u.AVATAR, u.DESCRIPTION, u.LAST_LOGIN_TIME lastLoginTime, GROUP_CONCAT(r.role_id) roleId, GROUP_CONCAT(r.ROLE_NAME) roleName FROM t_user u LEFT JOIN t_dept d ON (u.dept_id = d.dept_id) LEFT JOIN t_user_role ur ON (u.user_id = ur.user_id) LEFT JOIN t_role r ON r.role_id = ur.role_id WHERE u.username = 'admin' group by u.username;
2019-10-07 20:29:34.741 febs [http-nio-9527-exec-2] INFO  p6spy - 2019-10-07 20:29:34 | 耗时 2 ms | SQL 语句：
INSERT INTO t_login_log ( username, login_time, location, ip ) VALUES ( 'admin', '2019-10-07T20:29:34.730+0800', '内网IP|0|0|内网IP|内网IP', '127.0.0.1' );
2019-10-07 20:29:37.714 febs [http-nio-9527-exec-5] INFO  c.p.u.common.authentication.JWTUtil - token is valid
2019-10-07 20:29:37.732 febs [http-nio-9527-exec-3] INFO  p6spy - 2019-10-07 20:29:37 | 耗时 0 ms | SQL 语句：
select 1;
2019-10-07 20:29:37.744 febs [http-nio-9527-exec-5] INFO  p6spy - 2019-10-07 20:29:37 | 耗时 1 ms | SQL 语句：
select m.* from t_menu m where m.type <> 1 and m.MENU_ID in (select distinct rm.menu_id from t_role_menu rm left join t_role r on (rm.role_id = r.role_id) left join t_user_role ur on (ur.role_id = r.role_id) left join t_user u on (u.user_id = ur.user_id) where u.username = 'admin') order by m.order_num;
2019-10-07 20:29:38.908 febs [http-nio-9527-exec-7] INFO  c.p.u.common.authentication.JWTUtil - token is valid
2019-10-07 20:29:38.913 febs [http-nio-9527-exec-7] INFO  p6spy - 2019-10-07 20:29:38 | 耗时 0 ms | SQL 语句：
select count(1) from t_login_log;
2019-10-07 20:29:38.916 febs [http-nio-9527-exec-7] INFO  p6spy - 2019-10-07 20:29:38 | 耗时 0 ms | SQL 语句：
select count(1) from t_login_log where datediff(login_time,now())=0;
2019-10-07 20:29:38.918 febs [http-nio-9527-exec-7] INFO  p6spy - 2019-10-07 20:29:38 | 耗时 0 ms | SQL 语句：
select count(distinct(ip)) from t_login_log where datediff(login_time,now())=0;
2019-10-07 20:29:38.920 febs [http-nio-9527-exec-7] INFO  p6spy - 2019-10-07 20:29:38 | 耗时 0 ms | SQL 语句：
select date_format(l.login_time, '%m-%d') days, count(1) count from ( select * from t_login_log where date_sub(curdate(), interval 7 day) <= date(login_time) ) as l where 1 = 1 group by days;
2019-10-07 20:29:38.922 febs [http-nio-9527-exec-7] INFO  p6spy - 2019-10-07 20:29:38 | 耗时 0 ms | SQL 语句：
select date_format(l.login_time, '%m-%d') days, count(1) count from ( select * from t_login_log where date_sub(curdate(), interval 7 day) <= date(login_time) ) as l where 1 = 1 and l.username = 'admin' group by days;
2019-10-07 20:29:49.135 febs [http-nio-9527-exec-8] INFO  p6spy - 2019-10-07 20:29:49 | 耗时 0 ms | SQL 语句：
select 1;
2019-10-07 20:29:59.468 febs [http-nio-9527-exec-9] INFO  p6spy - 2019-10-07 20:29:59 | 耗时 0 ms | SQL 语句：
select 1;
2019-10-07 20:30:09.794 febs [http-nio-9527-exec-10] INFO  p6spy - 2019-10-07 20:30:09 | 耗时 0 ms | SQL 语句：
select 1;
2019-10-07 20:30:20.124 febs [http-nio-9527-exec-1] INFO  p6spy - 2019-10-07 20:30:20 | 耗时 0 ms | SQL 语句：
select 1;
2019-10-07 20:30:30.884 febs [http-nio-9527-exec-2] INFO  p6spy - 2019-10-07 20:30:30 | 耗时 0 ms | SQL 语句：
select 1;
2019-10-07 20:30:41.234 febs [http-nio-9527-exec-3] INFO  p6spy - 2019-10-07 20:30:41 | 耗时 0 ms | SQL 语句：
select 1;
2019-10-07 20:30:51.565 febs [http-nio-9527-exec-5] INFO  p6spy - 2019-10-07 20:30:51 | 耗时 0 ms | SQL 语句：
select 1;
2019-10-07 20:30:54.721 febs [http-nio-9527-exec-7] INFO  c.p.u.common.authentication.JWTUtil - token is valid
2019-10-07 20:30:54.725 febs [http-nio-9527-exec-7] INFO  p6spy - 2019-10-07 20:30:54 | 耗时 0 ms | SQL 语句：
select count(1) from t_login_log;
2019-10-07 20:30:54.726 febs [http-nio-9527-exec-7] INFO  p6spy - 2019-10-07 20:30:54 | 耗时 0 ms | SQL 语句：
select count(1) from t_login_log where datediff(login_time,now())=0;
2019-10-07 20:30:54.727 febs [http-nio-9527-exec-7] INFO  p6spy - 2019-10-07 20:30:54 | 耗时 0 ms | SQL 语句：
select count(distinct(ip)) from t_login_log where datediff(login_time,now())=0;
2019-10-07 20:30:54.728 febs [http-nio-9527-exec-7] INFO  p6spy - 2019-10-07 20:30:54 | 耗时 0 ms | SQL 语句：
select date_format(l.login_time, '%m-%d') days, count(1) count from ( select * from t_login_log where date_sub(curdate(), interval 7 day) <= date(login_time) ) as l where 1 = 1 group by days;
2019-10-07 20:30:54.730 febs [http-nio-9527-exec-7] INFO  p6spy - 2019-10-07 20:30:54 | 耗时 0 ms | SQL 语句：
select date_format(l.login_time, '%m-%d') days, count(1) count from ( select * from t_login_log where date_sub(curdate(), interval 7 day) <= date(login_time) ) as l where 1 = 1 and l.username = 'admin' group by days;
2019-10-07 20:31:02.318 febs [http-nio-9527-exec-10] INFO  p6spy - 2019-10-07 20:31:02 | 耗时 0 ms | SQL 语句：
select 1;
2019-10-07 20:31:04.660 febs [http-nio-9527-exec-2] INFO  p6spy - 2019-10-07 20:31:04 | 耗时 0 ms | SQL 语句：
UPDATE t_user SET last_login_time='2019-10-07T20:31:04.657+0800' WHERE username = 'admin';
2019-10-07 20:31:04.662 febs [http-nio-9527-exec-2] INFO  p6spy - 2019-10-07 20:31:04 | 耗时 0 ms | SQL 语句：
SELECT u.user_id userId, u.username, u.password, u.email, u.mobile, u. STATUS, u.create_time createTime, u.ssex, d.dept_id deptId, d.dept_name deptName, u.AVATAR, u.DESCRIPTION, u.LAST_LOGIN_TIME lastLoginTime, GROUP_CONCAT(r.role_id) roleId, GROUP_CONCAT(r.ROLE_NAME) roleName FROM t_user u LEFT JOIN t_dept d ON (u.dept_id = d.dept_id) LEFT JOIN t_user_role ur ON (u.user_id = ur.user_id) LEFT JOIN t_role r ON r.role_id = ur.role_id WHERE u.username = 'admin' group by u.username;
2019-10-07 20:31:05.318 febs [http-nio-9527-exec-2] INFO  p6spy - 2019-10-07 20:31:05 | 耗时 0 ms | SQL 语句：
INSERT INTO t_login_log ( username, login_time, location, ip ) VALUES ( 'admin', '2019-10-07T20:31:05.315+0800', '内网IP|0|0|内网IP|内网IP', '127.0.0.1' );
2019-10-07 20:31:08.653 febs [http-nio-9527-exec-3] INFO  c.p.u.common.authentication.JWTUtil - token is valid
2019-10-07 20:31:08.659 febs [http-nio-9527-exec-3] INFO  p6spy - 2019-10-07 20:31:08 | 耗时 1 ms | SQL 语句：
select m.* from t_menu m where m.type <> 1 and m.MENU_ID in (select distinct rm.menu_id from t_role_menu rm left join t_role r on (rm.role_id = r.role_id) left join t_user_role ur on (ur.role_id = r.role_id) left join t_user u on (u.user_id = ur.user_id) where u.username = 'admin') order by m.order_num;
2019-10-07 20:31:09.541 febs [http-nio-9527-exec-6] INFO  c.p.u.common.authentication.JWTUtil - token is valid
2019-10-07 20:31:09.544 febs [http-nio-9527-exec-6] INFO  p6spy - 2019-10-07 20:31:09 | 耗时 0 ms | SQL 语句：
select count(1) from t_login_log;
2019-10-07 20:31:09.545 febs [http-nio-9527-exec-6] INFO  p6spy - 2019-10-07 20:31:09 | 耗时 0 ms | SQL 语句：
select count(1) from t_login_log where datediff(login_time,now())=0;
2019-10-07 20:31:09.547 febs [http-nio-9527-exec-6] INFO  p6spy - 2019-10-07 20:31:09 | 耗时 0 ms | SQL 语句：
select count(distinct(ip)) from t_login_log where datediff(login_time,now())=0;
2019-10-07 20:31:09.548 febs [http-nio-9527-exec-6] INFO  p6spy - 2019-10-07 20:31:09 | 耗时 0 ms | SQL 语句：
select date_format(l.login_time, '%m-%d') days, count(1) count from ( select * from t_login_log where date_sub(curdate(), interval 7 day) <= date(login_time) ) as l where 1 = 1 group by days;
2019-10-07 20:31:09.550 febs [http-nio-9527-exec-6] INFO  p6spy - 2019-10-07 20:31:09 | 耗时 0 ms | SQL 语句：
select date_format(l.login_time, '%m-%d') days, count(1) count from ( select * from t_login_log where date_sub(curdate(), interval 7 day) <= date(login_time) ) as l where 1 = 1 and l.username = 'admin' group by days;
2019-10-07 20:31:13.067 febs [http-nio-9527-exec-7] INFO  p6spy - 2019-10-07 20:31:13 | 耗时 0 ms | SQL 语句：
select 1;
2019-10-07 20:31:23.400 febs [http-nio-9527-exec-8] INFO  p6spy - 2019-10-07 20:31:23 | 耗时 0 ms | SQL 语句：
select 1;
2019-10-07 20:31:33.737 febs [http-nio-9527-exec-10] INFO  p6spy - 2019-10-07 20:31:33 | 耗时 0 ms | SQL 语句：
select 1;
2019-10-07 20:31:44.079 febs [http-nio-9527-exec-9] INFO  p6spy - 2019-10-07 20:31:44 | 耗时 0 ms | SQL 语句：
select 1;
2019-10-07 20:31:54.419 febs [http-nio-9527-exec-1] INFO  p6spy - 2019-10-07 20:31:54 | 耗时 0 ms | SQL 语句：
select 1;
2019-10-07 20:32:04.763 febs [http-nio-9527-exec-2] INFO  p6spy - 2019-10-07 20:32:04 | 耗时 0 ms | SQL 语句：
select 1;
2019-10-07 20:32:15.105 febs [http-nio-9527-exec-3] INFO  p6spy - 2019-10-07 20:32:15 | 耗时 0 ms | SQL 语句：
select 1;
2019-10-07 20:32:25.855 febs [http-nio-9527-exec-5] INFO  p6spy - 2019-10-07 20:32:25 | 耗时 0 ms | SQL 语句：
select 1;
2019-10-07 20:32:36.196 febs [http-nio-9527-exec-6] INFO  p6spy - 2019-10-07 20:32:36 | 耗时 0 ms | SQL 语句：
select 1;
2019-10-07 20:32:46.941 febs [http-nio-9527-exec-7] INFO  p6spy - 2019-10-07 20:32:46 | 耗时 0 ms | SQL 语句：
select 1;
2019-10-07 20:32:57.265 febs [http-nio-9527-exec-8] INFO  p6spy - 2019-10-07 20:32:57 | 耗时 0 ms | SQL 语句：
select 1;
2019-10-07 20:33:07.829 febs [http-nio-9527-exec-10] INFO  p6spy - 2019-10-07 20:33:07 | 耗时 0 ms | SQL 语句：
select 1;
2019-10-07 20:33:18.157 febs [http-nio-9527-exec-9] INFO  p6spy - 2019-10-07 20:33:18 | 耗时 0 ms | SQL 语句：
select 1;
2019-10-07 20:33:28.492 febs [http-nio-9527-exec-1] INFO  p6spy - 2019-10-07 20:33:28 | 耗时 0 ms | SQL 语句：
select 1;
2019-10-07 20:33:39.242 febs [http-nio-9527-exec-2] INFO  p6spy - 2019-10-07 20:33:39 | 耗时 0 ms | SQL 语句：
select 1;
2019-10-07 20:33:49.561 febs [http-nio-9527-exec-4] INFO  p6spy - 2019-10-07 20:33:49 | 耗时 0 ms | SQL 语句：
select 1;
2019-10-07 20:33:59.887 febs [http-nio-9527-exec-3] INFO  p6spy - 2019-10-07 20:33:59 | 耗时 0 ms | SQL 语句：
select 1;
2019-10-07 20:34:10.632 febs [http-nio-9527-exec-5] INFO  p6spy - 2019-10-07 20:34:10 | 耗时 0 ms | SQL 语句：
select 1;
2019-10-07 20:34:21.789 febs [http-nio-9527-exec-6] INFO  p6spy - 2019-10-07 20:34:21 | 耗时 0 ms | SQL 语句：
select 1;
2019-10-07 20:34:32.661 febs [http-nio-9527-exec-7] INFO  p6spy - 2019-10-07 20:34:32 | 耗时 0 ms | SQL 语句：
select 1;
2019-10-07 20:34:43.407 febs [http-nio-9527-exec-8] INFO  p6spy - 2019-10-07 20:34:43 | 耗时 0 ms | SQL 语句：
select 1;
2019-10-07 20:34:53.735 febs [http-nio-9527-exec-10] INFO  p6spy - 2019-10-07 20:34:53 | 耗时 0 ms | SQL 语句：
select 1;
2019-10-07 20:35:04.069 febs [http-nio-9527-exec-9] INFO  p6spy - 2019-10-07 20:35:04 | 耗时 0 ms | SQL 语句：
select 1;
2019-10-07 20:35:14.411 febs [http-nio-9527-exec-1] INFO  p6spy - 2019-10-07 20:35:14 | 耗时 0 ms | SQL 语句：
select 1;
2019-10-07 20:35:24.745 febs [http-nio-9527-exec-2] INFO  p6spy - 2019-10-07 20:35:24 | 耗时 0 ms | SQL 语句：
select 1;
2019-10-07 20:35:35.087 febs [http-nio-9527-exec-4] INFO  p6spy - 2019-10-07 20:35:35 | 耗时 0 ms | SQL 语句：
select 1;
2019-10-07 20:35:45.413 febs [http-nio-9527-exec-3] INFO  p6spy - 2019-10-07 20:35:45 | 耗时 0 ms | SQL 语句：
select 1;
2019-10-07 20:35:55.747 febs [http-nio-9527-exec-5] INFO  p6spy - 2019-10-07 20:35:55 | 耗时 0 ms | SQL 语句：
select 1;
2019-10-07 20:36:06.085 febs [http-nio-9527-exec-6] INFO  p6spy - 2019-10-07 20:36:06 | 耗时 0 ms | SQL 语句：
select 1;
2019-10-07 20:36:16.428 febs [http-nio-9527-exec-7] INFO  p6spy - 2019-10-07 20:36:16 | 耗时 0 ms | SQL 语句：
select 1;
2019-10-07 20:36:26.793 febs [http-nio-9527-exec-8] INFO  p6spy - 2019-10-07 20:36:26 | 耗时 0 ms | SQL 语句：
select 1;
2019-10-07 20:36:36.832 febs [http-nio-9527-exec-10] INFO  p6spy - 2019-10-07 20:36:36 | 耗时 0 ms | SQL 语句：
select 1;
2019-10-07 20:36:47.812 febs [http-nio-9527-exec-9] INFO  p6spy - 2019-10-07 20:36:47 | 耗时 0 ms | SQL 语句：
select 1;
2019-10-07 20:36:58.998 febs [http-nio-9527-exec-1] INFO  p6spy - 2019-10-07 20:36:58 | 耗时 0 ms | SQL 语句：
select 1;
2019-10-07 20:37:09.764 febs [http-nio-9527-exec-2] INFO  p6spy - 2019-10-07 20:37:09 | 耗时 0 ms | SQL 语句：
select 1;
2019-10-07 20:37:20.104 febs [http-nio-9527-exec-4] INFO  p6spy - 2019-10-07 20:37:20 | 耗时 0 ms | SQL 语句：
select 1;
2019-10-07 20:37:30.446 febs [http-nio-9527-exec-3] INFO  p6spy - 2019-10-07 20:37:30 | 耗时 0 ms | SQL 语句：
select 1;
2019-10-07 20:37:40.997 febs [http-nio-9527-exec-5] INFO  p6spy - 2019-10-07 20:37:40 | 耗时 0 ms | SQL 语句：
select 1;
2019-10-07 20:37:51.752 febs [http-nio-9527-exec-6] INFO  p6spy - 2019-10-07 20:37:51 | 耗时 0 ms | SQL 语句：
select 1;
2019-10-07 20:38:02.095 febs [http-nio-9527-exec-7] INFO  p6spy - 2019-10-07 20:38:02 | 耗时 0 ms | SQL 语句：
select 1;
2019-10-07 20:38:12.436 febs [http-nio-9527-exec-8] INFO  p6spy - 2019-10-07 20:38:12 | 耗时 0 ms | SQL 语句：
select 1;
2019-10-07 20:38:22.772 febs [http-nio-9527-exec-10] INFO  p6spy - 2019-10-07 20:38:22 | 耗时 0 ms | SQL 语句：
select 1;
2019-10-07 20:38:33.098 febs [http-nio-9527-exec-9] INFO  p6spy - 2019-10-07 20:38:33 | 耗时 0 ms | SQL 语句：
select 1;
2019-10-07 20:38:43.445 febs [http-nio-9527-exec-1] INFO  p6spy - 2019-10-07 20:38:43 | 耗时 0 ms | SQL 语句：
select 1;
2019-10-07 20:38:54.205 febs [http-nio-9527-exec-2] INFO  p6spy - 2019-10-07 20:38:54 | 耗时 0 ms | SQL 语句：
select 1;
2019-10-07 20:39:04.545 febs [http-nio-9527-exec-4] INFO  p6spy - 2019-10-07 20:39:04 | 耗时 0 ms | SQL 语句：
select 1;
2019-10-07 20:39:15.724 febs [http-nio-9527-exec-3] INFO  p6spy - 2019-10-07 20:39:15 | 耗时 0 ms | SQL 语句：
select 1;
2019-10-07 20:39:26.063 febs [http-nio-9527-exec-5] INFO  p6spy - 2019-10-07 20:39:26 | 耗时 0 ms | SQL 语句：
select 1;
2019-10-07 20:39:36.405 febs [http-nio-9527-exec-6] INFO  p6spy - 2019-10-07 20:39:36 | 耗时 0 ms | SQL 语句：
select 1;
2019-10-07 20:39:46.751 febs [http-nio-9527-exec-7] INFO  p6spy - 2019-10-07 20:39:46 | 耗时 0 ms | SQL 语句：
select 1;
2019-10-07 20:39:57.508 febs [http-nio-9527-exec-8] INFO  p6spy - 2019-10-07 20:39:57 | 耗时 0 ms | SQL 语句：
select 1;
2019-10-07 20:40:07.840 febs [http-nio-9527-exec-10] INFO  p6spy - 2019-10-07 20:40:07 | 耗时 0 ms | SQL 语句：
select 1;
2019-10-07 20:40:18.587 febs [http-nio-9527-exec-9] INFO  p6spy - 2019-10-07 20:40:18 | 耗时 0 ms | SQL 语句：
select 1;
2019-10-07 20:40:28.918 febs [http-nio-9527-exec-1] INFO  p6spy - 2019-10-07 20:40:28 | 耗时 0 ms | SQL 语句：
select 1;
2019-10-07 20:40:39.258 febs [http-nio-9527-exec-2] INFO  p6spy - 2019-10-07 20:40:39 | 耗时 0 ms | SQL 语句：
select 1;
2019-10-07 20:40:44.671 febs [Thread-29] INFO  org.quartz.core.QuartzScheduler - Scheduler quartzScheduler_$_NON_CLUSTERED paused.
2019-10-07 20:40:44.672 febs [Thread-29] INFO  o.s.c.c.s.ConsulServiceRegistry - Deregistering service with consul: pret-user-192-168-1-5-9527
2019-10-07 20:40:44.675 febs [Thread-29] INFO  o.s.s.c.ThreadPoolTaskScheduler - Shutting down ExecutorService 'catalogWatchTaskScheduler'
2019-10-07 20:40:44.675 febs [Thread-29] INFO  o.s.s.c.ThreadPoolTaskScheduler - Shutting down ExecutorService 'taskScheduler'
2019-10-07 20:40:44.691 febs [Thread-29] INFO  o.s.s.c.ThreadPoolTaskExecutor - Shutting down ExecutorService 'taskExecutor'
2019-10-07 20:40:44.691 febs [Thread-29] INFO  o.s.s.quartz.SchedulerFactoryBean - Shutting down Quartz Scheduler
2019-10-07 20:40:44.691 febs [Thread-29] INFO  org.quartz.core.QuartzScheduler - Scheduler quartzScheduler_$_NON_CLUSTERED shutting down.
2019-10-07 20:40:44.691 febs [Thread-29] INFO  org.quartz.core.QuartzScheduler - Scheduler quartzScheduler_$_NON_CLUSTERED paused.
2019-10-07 20:40:44.691 febs [Thread-29] INFO  org.quartz.core.QuartzScheduler - Scheduler quartzScheduler_$_NON_CLUSTERED shutdown complete.
2019-10-07 20:40:44.692 febs [Thread-29] INFO  o.s.o.j.LocalContainerEntityManagerFactoryBean - Closing JPA EntityManagerFactory for persistence unit 'default'
2019-10-07 20:40:45.024 febs [Thread-29] INFO  c.b.d.d.DynamicRoutingDataSource - closing dynamicDatasource  ing....
2019-10-07 20:40:45.024 febs [Thread-29] INFO  com.zaxxer.hikari.HikariDataSource - primary - Shutdown initiated...
2019-10-07 20:40:45.027 febs [Thread-29] INFO  com.zaxxer.hikari.HikariDataSource - primary - Shutdown completed.
